<?xml version="1.0" encoding="UTF-8"?>
<!-- Generated by org.testng.reporters.JUnitXMLReporter -->
<testsuite hostname="OCTI098" name="Pruebas" tests="4" failures="1" timestamp="19 Feb 2018 17:30:02 GMT" time="0.258" errors="0">
  <testcase name="ProbarDiv" time="0.1" classname="Aritmetica.Aritmetica.Parametros">
    <failure type="java.lang.AssertionError" message="expected [5.0] but found [6]">
      <![CDATA[java.lang.AssertionError: expected [5.0] but found [6]
	at Aritmetica.Aritmetica.Parametros.ProbarDiv(Parametros.java:51)
... Removed 29 stack frames]]>
    </failure>
  </testcase> <!-- ProbarDiv -->
  <testcase name="ProbarMulti" time="0.005" classname="Aritmetica.Aritmetica.Parametros"/>
  <testcase name="ProbarResta" time="0.016" classname="Aritmetica.Aritmetica.Parametros"/>
  <testcase name="ProbarSuma" time="0.009" classname="Aritmetica.Aritmetica.Parametros"/>
</testsuite> <!-- Pruebas -->
